<?xml version="1.0" encoding="UTF-8"?>
<coverage generated="1695898099049" clover="3.2.0">
  <project timestamp="1695898099049" name="All files">
    <metrics statements="20" coveredstatements="20" conditionals="24" coveredconditionals="19" methods="4" coveredmethods="4" elements="48" coveredelements="43" complexity="0" loc="20" ncloc="20" packages="1" files="1" classes="1"/>
    <file name="index.ts" path="/home/ogil/code/me/pix-br/src/index.ts">
      <metrics statements="20" coveredstatements="20" conditionals="24" coveredconditionals="19" methods="4" coveredmethods="4"/>
      <line num="1" count="1" type="stmt"/>
      <line num="16" count="1" type="stmt"/>
      <line num="29" count="10" type="cond" truecount="1" falsecount="0"/>
      <line num="30" count="9" type="cond" truecount="1" falsecount="0"/>
      <line num="31" count="8" type="cond" truecount="3" falsecount="0"/>
      <line num="32" count="7" type="cond" truecount="1" falsecount="2"/>
      <line num="33" count="7" type="cond" truecount="3" falsecount="0"/>
      <line num="34" count="6" type="cond" truecount="3" falsecount="0"/>
      <line num="36" count="5" type="stmt"/>
      <line num="37" count="5" type="cond" truecount="0" falsecount="1"/>
      <line num="39" count="5" type="stmt"/>
      <line num="51" count="55" type="stmt"/>
      <line num="53" count="5" type="stmt"/>
      <line num="54" count="5" type="stmt"/>
      <line num="56" count="5" type="stmt"/>
      <line num="59" count="1" type="stmt"/>
      <line num="60" count="58" type="stmt"/>
      <line num="61" count="58" type="stmt"/>
      <line num="64" count="10" type="cond" truecount="0" falsecount="1"/>
      <line num="70" count="1" type="stmt"/>
    </file>
  </project>
</coverage>
