{"/home/ogil/code/me/pix-br/src/index.ts": {"path":"/home/ogil/code/me/pix-br/src/index.ts","statementMap":{"0":{"start":{"line":1,"column":0},"end":{"line":1,"column":33}},"1":{"start":{"line":29,"column":2},"end":{"line":29,"column":null}},"2":{"start":{"line":29,"column":39},"end":{"line":29,"column":86}},"3":{"start":{"line":30,"column":2},"end":{"line":30,"column":null}},"4":{"start":{"line":30,"column":42},"end":{"line":30,"column":122}},"5":{"start":{"line":31,"column":2},"end":{"line":31,"column":null}},"6":{"start":{"line":31,"column":79},"end":{"line":31,"column":187}},"7":{"start":{"line":32,"column":2},"end":{"line":32,"column":null}},"8":{"start":{"line":32,"column":70},"end":{"line":32,"column":119}},"9":{"start":{"line":33,"column":2},"end":{"line":33,"column":null}},"10":{"start":{"line":33,"column":43},"end":{"line":33,"column":101}},"11":{"start":{"line":34,"column":2},"end":{"line":34,"column":null}},"12":{"start":{"line":34,"column":64},"end":{"line":34,"column":124}},"13":{"start":{"line":36,"column":24},"end":{"line":36,"column":81}},"14":{"start":{"line":37,"column":2},"end":{"line":37,"column":null}},"15":{"start":{"line":37,"column":18},"end":{"line":37,"column":63}},"16":{"start":{"line":39,"column":29},"end":{"line":51,"column":29}},"17":{"start":{"line":51,"column":16},"end":{"line":51,"column":19}},"18":{"start":{"line":53,"column":21},"end":{"line":53,"column":87}},"19":{"start":{"line":54,"column":21},"end":{"line":54,"column":49}},"20":{"start":{"line":56,"column":2},"end":{"line":56,"column":20}},"21":{"start":{"line":16,"column":0},"end":{"line":16,"column":16}},"22":{"start":{"line":59,"column":18},"end":{"line":62,"column":1}},"23":{"start":{"line":60,"column":17},"end":{"line":60,"column":60}},"24":{"start":{"line":61,"column":2},"end":{"line":61,"column":40}},"25":{"start":{"line":64,"column":31},"end":{"line":68,"column":34}},"26":{"start":{"line":64,"column":78},"end":{"line":68,"column":34}},"27":{"start":{"line":70,"column":0},"end":{"line":70,"column":21}}},"fnMap":{"0":{"name":"PixBR","decl":{"start":{"line":16,"column":16},"end":{"line":16,"column":21}},"loc":{"start":{"line":27,"column":14},"end":{"line":57,"column":1}}},"1":{"name":"(anonymous_1)","decl":{"start":{"line":51,"column":11},"end":{"line":51,"column":12}},"loc":{"start":{"line":51,"column":16},"end":{"line":51,"column":19}}},"2":{"name":"(anonymous_2)","decl":{"start":{"line":59,"column":18},"end":{"line":59,"column":19}},"loc":{"start":{"line":59,"column":62},"end":{"line":62,"column":1}}},"3":{"name":"(anonymous_3)","decl":{"start":{"line":64,"column":31},"end":{"line":64,"column":33}},"loc":{"start":{"line":64,"column":78},"end":{"line":68,"column":34}}}},"branchMap":{"0":{"loc":{"start":{"line":17,"column":2},"end":{"line":17,"column":23}},"type":"default-arg","locations":[{"start":{"line":17,"column":19},"end":{"line":17,"column":23}}]},"1":{"loc":{"start":{"line":22,"column":2},"end":{"line":22,"column":23}},"type":"default-arg","locations":[{"start":{"line":22,"column":18},"end":{"line":22,"column":23}}]},"2":{"loc":{"start":{"line":25,"column":2},"end":{"line":25,"column":22}},"type":"default-arg","locations":[{"start":{"line":25,"column":17},"end":{"line":25,"column":22}}]},"3":{"loc":{"start":{"line":26,"column":2},"end":{"line":26,"column":20}},"type":"default-arg","locations":[{"start":{"line":26,"column":16},"end":{"line":26,"column":20}}]},"4":{"loc":{"start":{"line":29,"column":2},"end":{"line":29,"column":null}},"type":"if","locations":[{"start":{"line":29,"column":2},"end":{"line":29,"column":null}}]},"5":{"loc":{"start":{"line":30,"column":2},"end":{"line":30,"column":null}},"type":"if","locations":[{"start":{"line":30,"column":2},"end":{"line":30,"column":null}}]},"6":{"loc":{"start":{"line":31,"column":2},"end":{"line":31,"column":null}},"type":"if","locations":[{"start":{"line":31,"column":2},"end":{"line":31,"column":null}}]},"7":{"loc":{"start":{"line":31,"column":5},"end":{"line":31,"column":75}},"type":"binary-expr","locations":[{"start":{"line":31,"column":5},"end":{"line":31,"column":37}},{"start":{"line":31,"column":41},"end":{"line":31,"column":75}}]},"8":{"loc":{"start":{"line":32,"column":2},"end":{"line":32,"column":null}},"type":"if","locations":[{"start":{"line":32,"column":2},"end":{"line":32,"column":null}}]},"9":{"loc":{"start":{"line":32,"column":5},"end":{"line":32,"column":67}},"type":"binary-expr","locations":[{"start":{"line":32,"column":5},"end":{"line":32,"column":29}},{"start":{"line":32,"column":33},"end":{"line":32,"column":67}}]},"10":{"loc":{"start":{"line":33,"column":2},"end":{"line":33,"column":null}},"type":"if","locations":[{"start":{"line":33,"column":2},"end":{"line":33,"column":null}}]},"11":{"loc":{"start":{"line":33,"column":5},"end":{"line":33,"column":39}},"type":"binary-expr","locations":[{"start":{"line":33,"column":5},"end":{"line":33,"column":25}},{"start":{"line":33,"column":29},"end":{"line":33,"column":39}}]},"12":{"loc":{"start":{"line":34,"column":2},"end":{"line":34,"column":null}},"type":"if","locations":[{"start":{"line":34,"column":2},"end":{"line":34,"column":null}}]},"13":{"loc":{"start":{"line":34,"column":5},"end":{"line":34,"column":61}},"type":"binary-expr","locations":[{"start":{"line":34,"column":5},"end":{"line":34,"column":32}},{"start":{"line":34,"column":36},"end":{"line":34,"column":61}}]},"14":{"loc":{"start":{"line":37,"column":2},"end":{"line":37,"column":null}},"type":"if","locations":[{"start":{"line":37,"column":2},"end":{"line":37,"column":null}}]},"15":{"loc":{"start":{"line":44,"column":5},"end":{"line":44,"column":53}},"type":"cond-expr","locations":[{"start":{"line":44,"column":14},"end":{"line":44,"column":48}},{"start":{"line":44,"column":51},"end":{"line":44,"column":53}}]},"16":{"loc":{"start":{"line":48,"column":5},"end":{"line":48,"column":50}},"type":"cond-expr","locations":[{"start":{"line":48,"column":18},"end":{"line":48,"column":45}},{"start":{"line":48,"column":48},"end":{"line":48,"column":50}}]},"17":{"loc":{"start":{"line":64,"column":46},"end":{"line":64,"column":72}},"type":"default-arg","locations":[{"start":{"line":64,"column":64},"end":{"line":64,"column":72}}]}},"s":{"0":1,"1":10,"2":1,"3":9,"4":1,"5":8,"6":1,"7":7,"8":0,"9":7,"10":1,"11":6,"12":1,"13":5,"14":5,"15":0,"16":5,"17":55,"18":5,"19":5,"20":5,"21":1,"22":1,"23":58,"24":58,"25":1,"26":10,"27":1},"f":{"0":10,"1":55,"2":58,"3":10},"b":{"0":[9],"1":[9],"2":[8],"3":[8],"4":[1],"5":[1],"6":[1],"7":[8,8],"8":[0],"9":[7,0],"10":[1],"11":[7,4],"12":[1],"13":[6,6],"14":[0],"15":[3,2],"16":[0,5],"17":[0]}}
}
