TN:
SF:src/index.ts
FN:16,PixBR
FN:51,(anonymous_1)
FN:59,(anonymous_2)
FN:64,(anonymous_3)
FNF:4
FNH:4
FNDA:10,PixBR
FNDA:55,(anonymous_1)
FNDA:58,(anonymous_2)
FNDA:10,(anonymous_3)
DA:1,1
DA:16,1
DA:29,10
DA:30,9
DA:31,8
DA:32,7
DA:33,7
DA:34,6
DA:36,5
DA:37,5
DA:39,5
DA:51,55
DA:53,5
DA:54,5
DA:56,5
DA:59,1
DA:60,58
DA:61,58
DA:64,10
DA:70,1
LF:20
LH:20
BRDA:17,0,0,9
BRDA:22,1,0,9
BRDA:25,2,0,8
BRDA:26,3,0,8
BRDA:29,4,0,1
BRDA:30,5,0,1
BRDA:31,6,0,1
BRDA:31,7,0,8
BRDA:31,7,1,8
BRDA:32,8,0,0
BRDA:32,9,0,7
BRDA:32,9,1,0
BRDA:33,10,0,1
BRDA:33,11,0,7
BRDA:33,11,1,4
BRDA:34,12,0,1
BRDA:34,13,0,6
BRDA:34,13,1,6
BRDA:37,14,0,0
BRDA:44,15,0,3
BRDA:44,15,1,2
BRDA:48,16,0,0
BRDA:48,16,1,5
BRDA:64,17,0,0
BRF:24
BRH:19
end_of_record
